<?xml version="1.0" encoding="UTF-8"?>
<!-- Generated by org.testng.reporters.JUnitReportReporter -->
<testsuite skipped="0" hostname="Ranjeet-PC" name="TestNG.OHRMLogin" tests="2" failures="0" timestamp="2021-04-15T14:21:24 IST" time="7.664" errors="0">
  <testcase name="Login" time="6.104" classname="TestNG.OHRMLogin"/>
  <system-out/>
  <testcase name="orangehrmDemo" time="1.560" classname="TestNG.OHRMLogin"/>
  <system-out/>
</testsuite> <!-- TestNG.OHRMLogin -->
