<?xml version="1.0" encoding="UTF-8"?>
<!-- Generated by org.testng.reporters.JUnitReportReporter -->
<testsuite skipped="1" hostname="Ranjeet-PC" name="TestNG.DemoTestNG" tests="4" failures="0" timestamp="2021-04-14T15:40:23 IST" time="0.021" errors="0">
  <testcase name="Login" time="0.002" classname="TestNG.DemoTestNG"/>
  <system-out/>
  <testcase name="Login" time="0.017" classname="TestNG.DemoTestNG"/>
  <system-out/>
  <testcase name="z" time="0.002" classname="TestNG.DemoTestNG"/>
  <system-out/>
  <testcase name="OpenBrowser" classname="TestNG.DemoTestNG">
    <skipped/>
  </testcase> <!-- OpenBrowser -->
  <system-out/>
</testsuite> <!-- TestNG.DemoTestNG -->
